0 info it worked if it ends with ok
1 verbose cli [ '/usr/bin/nodejs',
1 verbose cli   '/usr/bin/npm',
1 verbose cli   'install',
1 verbose cli   'express-generator-g' ]
2 info using npm@1.4.21
3 info using node@v0.10.25
4 verbose config Skipping project config: /home/chandru/.npmrc. (matches userconfig)
5 verbose cache add [ 'express-generator-g', null ]
6 verbose cache add name=undefined spec="express-generator-g" args=["express-generator-g",null]
7 verbose parsed url { protocol: null,
7 verbose parsed url   slashes: null,
7 verbose parsed url   auth: null,
7 verbose parsed url   host: null,
7 verbose parsed url   port: null,
7 verbose parsed url   hostname: null,
7 verbose parsed url   hash: null,
7 verbose parsed url   search: null,
7 verbose parsed url   query: null,
7 verbose parsed url   pathname: 'express-generator-g',
7 verbose parsed url   path: 'express-generator-g',
7 verbose parsed url   href: 'express-generator-g' }
8 silly lockFile 61e872eb-express-generator-g express-generator-g
9 verbose lock express-generator-g /home/chandru/.npm/61e872eb-express-generator-g.lock
10 silly lockFile 61e872eb-express-generator-g express-generator-g
11 silly lockFile 61e872eb-express-generator-g express-generator-g
12 verbose addNamed [ 'express-generator-g', '' ]
13 verbose addNamed [ null, '*' ]
14 silly lockFile 9dd97483-express-generator-g express-generator-g@
15 verbose lock express-generator-g@ /home/chandru/.npm/9dd97483-express-generator-g.lock
16 silly addNameRange { name: 'express-generator-g', range: '*', hasData: false }
17 verbose request where is /express-generator-g
18 verbose request registry https://registry.npmjs.org/
19 verbose request id a92956071e020e25
20 verbose url raw /express-generator-g
21 verbose url resolving [ 'https://registry.npmjs.org/', './express-generator-g' ]
22 verbose url resolved https://registry.npmjs.org/express-generator-g
23 verbose request where is https://registry.npmjs.org/express-generator-g
24 info trying registry request attempt 1 at 19:22:11
25 http GET https://registry.npmjs.org/express-generator-g
26 info retry will retry, error on last attempt: Error: getaddrinfo ENOTFOUND
27 info trying registry request attempt 2 at 19:22:22
28 http GET https://registry.npmjs.org/express-generator-g
29 info retry will retry, error on last attempt: Error: getaddrinfo EADDRINFO
30 info trying registry request attempt 3 at 19:23:32
31 http GET https://registry.npmjs.org/express-generator-g
32 silly registry.get cb [ 304, undefined ]
33 silly lockFile 9dd97483-express-generator-g express-generator-g@
34 silly lockFile 9dd97483-express-generator-g express-generator-g@
35 error Error: failed to fetch from registry: https://registry.npmjs.org/express-generator-g
35 error     at RegClient.<anonymous> (/usr/share/npm/node_modules/npm-registry-client/lib/get.js:159:18)
35 error     at cb (/usr/share/npm/node_modules/npm-registry-client/lib/request.js:57:9)
35 error     at RegClient.<anonymous> (/usr/share/npm/node_modules/npm-registry-client/lib/request.js:148:10)
35 error     at cb (/usr/share/npm/node_modules/npm-registry-client/lib/request.js:158:9)
35 error     at RegClient.<anonymous> (/usr/share/npm/node_modules/npm-registry-client/lib/request.js:251:20)
35 error     at Request._callback (/usr/share/npm/node_modules/npm-registry-client/lib/request.js:230:20)
35 error     at self.callback (/usr/lib/nodejs/request/index.js:148:22)
35 error     at Request.EventEmitter.emit (events.js:117:20)
35 error     at ClientRequest.self.clientErrorHandler (/usr/lib/nodejs/request/index.js:258:10)
35 error     at ClientRequest.EventEmitter.emit (events.js:95:17)
36 error If you need help, you may report this *entire* log,
36 error including the npm and node versions, at:
36 error     <http://github.com/npm/npm/issues>
37 error System Linux 4.2.0-36-generic
38 error command "/usr/bin/nodejs" "/usr/bin/npm" "install" "express-generator-g"
39 error cwd /home/chandru/Desktop/Mean/node_express
40 error node -v v0.10.25
41 error npm -v 1.4.21
42 verbose exit [ 1, true ]
